INFO:__main__:Bot started. Polling...
INFO:httpx:HTTP Request: POST https://api.telegram.org/bot8528951795:AAF8CCeAUmIi8o7MPtXWRwTEn1ISIG5m96I/getMe "HTTP/1.1 200 OK"
INFO:httpx:HTTP Request: POST https://api.telegram.org/bot8528951795:AAF8CCeAUmIi8o7MPtXWRwTEn1ISIG5m96I/deleteWebhook "HTTP/1.1 200 OK"
INFO:telegram.ext.Application:Application started
INFO:httpx:HTTP Request: POST https://api.telegram.org/bot8528951795:AAF8CCeAUmIi8o7MPtXWRwTEn1ISIG5m96I/getUpdates "HTTP/1.1 200 OK"
INFO:httpx:HTTP Request: POST https://api.telegram.org/bot8528951795:AAF8CCeAUmIi8o7MPtXWRwTEn1ISIG5m96I/getUpdates "HTTP/1.1 200 OK"
INFO:httpx:HTTP Request: POST https://api.telegram.org/bot8528951795:AAF8CCeAUmIi8o7MPtXWRwTEn1ISIG5m96I/getUpdates "HTTP/1.1 200 OK"
INFO:httpx:HTTP Request: POST https://api.telegram.org/bot8528951795:AAF8CCeAUmIi8o7MPtXWRwTEn1ISIG5m96I/getUpdates "HTTP/1.1 200 OK"
INFO:httpx:HTTP Request: POST https://api.telegram.org/bot8528951795:AAF8CCeAUmIi8o7MPtXWRwTEn1ISIG5m96I/getUpdates "HTTP/1.1 200 OK"
INFO:httpx:HTTP Request: POST https://api.telegram.org/bot8528951795:AAF8CCeAUmIi8o7MPtXWRwTEn1ISIG5m96I/getUpdates "HTTP/1.1 200 OK"
INFO:httpx:HTTP Request: POST https://api.telegram.org/bot8528951795:AAF8CCeAUmIi8o7MPtXWRwTEn1ISIG5m96I/getUpdates "HTTP/1.1 200 OK"
INFO:httpx:HTTP Request: POST https://api.telegram.org/bot8528951795:AAF8CCeAUmIi8o7MPtXWRwTEn1ISIG5m96I/getUpdates "HTTP/1.1 200 OK"
INFO:httpx:HTTP Request: POST https://api.telegram.org/bot8528951795:AAF8CCeAUmIi8o7MPtXWRwTEn1ISIG5m96I/getUpdates "HTTP/1.1 200 OK"
INFO:httpx:HTTP Request: POST https://api.telegram.org/bot8528951795:AAF8CCeAUmIi8o7MPtXWRwTEn1ISIG5m96I/getUpdates "HTTP/1.1 200 OK"
INFO:httpx:HTTP Request: POST https://api.telegram.org/bot8528951795:AAF8CCeAUmIi8o7MPtXWRwTEn1ISIG5m96I/getUpdates "HTTP/1.1 200 OK"
INFO:httpx:HTTP Request: POST https://api.telegram.org/bot8528951795:AAF8CCeAUmIi8o7MPtXWRwTEn1ISIG5m96I/getUpdates "HTTP/1.1 200 OK"
INFO:httpx:HTTP Request: POST https://api.telegram.org/bot8528951795:AAF8CCeAUmIi8o7MPtXWRwTEn1ISIG5m96I/getUpdates "HTTP/1.1 200 OK"
INFO:httpx:HTTP Request: POST https://api.telegram.org/bot8528951795:AAF8CCeAUmIi8o7MPtXWRwTEn1ISIG5m96I/getUpdates "HTTP/1.1 200 OK"
INFO:httpx:HTTP Request: POST https://api.telegram.org/bot8528951795:AAF8CCeAUmIi8o7MPtXWRwTEn1ISIG5m96I/getUpdates "HTTP/1.1 200 OK"
INFO:httpx:HTTP Request: POST https://api.telegram.org/bot8528951795:AAF8CCeAUmIi8o7MPtXWRwTEn1ISIG5m96I/getUpdates "HTTP/1.1 200 OK"
INFO:httpx:HTTP Request: POST https://api.telegram.org/bot8528951795:AAF8CCeAUmIi8o7MPtXWRwTEn1ISIG5m96I/getUpdates "HTTP/1.1 200 OK"
INFO:httpx:HTTP Request: POST https://api.telegram.org/bot8528951795:AAF8CCeAUmIi8o7MPtXWRwTEn1ISIG5m96I/getUpdates "HTTP/1.1 200 OK"
INFO:httpx:HTTP Request: POST https://api.telegram.org/bot8528951795:AAF8CCeAUmIi8o7MPtXWRwTEn1ISIG5m96I/getUpdates "HTTP/1.1 200 OK"
INFO:httpx:HTTP Request: POST https://api.telegram.org/bot8528951795:AAF8CCeAUmIi8o7MPtXWRwTEn1ISIG5m96I/getUpdates "HTTP/1.1 200 OK"
INFO:httpx:HTTP Request: POST https://api.telegram.org/bot8528951795:AAF8CCeAUmIi8o7MPtXWRwTEn1ISIG5m96I/getUpdates "HTTP/1.1 200 OK"
INFO:httpx:HTTP Request: POST https://api.telegram.org/bot8528951795:AAF8CCeAUmIi8o7MPtXWRwTEn1ISIG5m96I/getUpdates "HTTP/1.1 200 OK"
INFO:httpx:HTTP Request: POST https://api.telegram.org/bot8528951795:AAF8CCeAUmIi8o7MPtXWRwTEn1ISIG5m96I/getUpdates "HTTP/1.1 200 OK"
INFO:httpx:HTTP Request: POST https://api.telegram.org/bot8528951795:AAF8CCeAUmIi8o7MPtXWRwTEn1ISIG5m96I/getUpdates "HTTP/1.1 200 OK"
INFO:httpx:HTTP Request: POST https://api.telegram.org/bot8528951795:AAF8CCeAUmIi8o7MPtXWRwTEn1ISIG5m96I/getUpdates "HTTP/1.1 200 OK"
INFO:httpx:HTTP Request: POST https://api.telegram.org/bot8528951795:AAF8CCeAUmIi8o7MPtXWRwTEn1ISIG5m96I/getUpdates "HTTP/1.1 200 OK"
INFO:httpx:HTTP Request: POST https://api.telegram.org/bot8528951795:AAF8CCeAUmIi8o7MPtXWRwTEn1ISIG5m96I/getUpdates "HTTP/1.1 200 OK"
INFO:httpx:HTTP Request: POST https://api.telegram.org/bot8528951795:AAF8CCeAUmIi8o7MPtXWRwTEn1ISIG5m96I/getUpdates "HTTP/1.1 200 OK"
INFO:httpx:HTTP Request: POST https://api.telegram.org/bot8528951795:AAF8CCeAUmIi8o7MPtXWRwTEn1ISIG5m96I/getUpdates "HTTP/1.1 200 OK"
INFO:httpx:HTTP Request: POST https://api.telegram.org/bot8528951795:AAF8CCeAUmIi8o7MPtXWRwTEn1ISIG5m96I/getUpdates "HTTP/1.1 200 OK"
INFO:httpx:HTTP Request: POST https://api.telegram.org/bot8528951795:AAF8CCeAUmIi8o7MPtXWRwTEn1ISIG5m96I/getUpdates "HTTP/1.1 200 OK"
INFO:httpx:HTTP Request: POST https://api.telegram.org/bot8528951795:AAF8CCeAUmIi8o7MPtXWRwTEn1ISIG5m96I/getUpdates "HTTP/1.1 200 OK"
INFO:httpx:HTTP Request: POST https://api.telegram.org/bot8528951795:AAF8CCeAUmIi8o7MPtXWRwTEn1ISIG5m96I/getUpdates "HTTP/1.1 200 OK"
INFO:httpx:HTTP Request: POST https://api.telegram.org/bot8528951795:AAF8CCeAUmIi8o7MPtXWRwTEn1ISIG5m96I/getUpdates "HTTP/1.1 200 OK"
INFO:httpx:HTTP Request: POST https://api.telegram.org/bot8528951795:AAF8CCeAUmIi8o7MPtXWRwTEn1ISIG5m96I/getUpdates "HTTP/1.1 200 OK"
INFO:httpx:HTTP Request: POST https://api.telegram.org/bot8528951795:AAF8CCeAUmIi8o7MPtXWRwTEn1ISIG5m96I/getUpdates "HTTP/1.1 200 OK"
INFO:httpx:HTTP Request: POST https://api.telegram.org/bot8528951795:AAF8CCeAUmIi8o7MPtXWRwTEn1ISIG5m96I/getUpdates "HTTP/1.1 200 OK"
INFO:httpx:HTTP Request: POST https://api.telegram.org/bot8528951795:AAF8CCeAUmIi8o7MPtXWRwTEn1ISIG5m96I/getUpdates "HTTP/1.1 200 OK"
INFO:httpx:HTTP Request: POST https://api.telegram.org/bot8528951795:AAF8CCeAUmIi8o7MPtXWRwTEn1ISIG5m96I/getUpdates "HTTP/1.1 200 OK"
INFO:httpx:HTTP Request: POST https://api.telegram.org/bot8528951795:AAF8CCeAUmIi8o7MPtXWRwTEn1ISIG5m96I/getUpdates "HTTP/1.1 200 OK"
INFO:httpx:HTTP Request: POST https://api.telegram.org/bot8528951795:AAF8CCeAUmIi8o7MPtXWRwTEn1ISIG5m96I/getUpdates "HTTP/1.1 200 OK"
INFO:httpx:HTTP Request: POST https://api.telegram.org/bot8528951795:AAF8CCeAUmIi8o7MPtXWRwTEn1ISIG5m96I/getUpdates "HTTP/1.1 200 OK"
INFO:httpx:HTTP Request: POST https://api.telegram.org/bot8528951795:AAF8CCeAUmIi8o7MPtXWRwTEn1ISIG5m96I/getUpdates "HTTP/1.1 200 OK"
INFO:httpx:HTTP Request: POST https://api.telegram.org/bot8528951795:AAF8CCeAUmIi8o7MPtXWRwTEn1ISIG5m96I/getUpdates "HTTP/1.1 200 OK"
INFO:httpx:HTTP Request: POST https://api.telegram.org/bot8528951795:AAF8CCeAUmIi8o7MPtXWRwTEn1ISIG5m96I/getUpdates "HTTP/1.1 200 OK"
INFO:httpx:HTTP Request: POST https://api.telegram.org/bot8528951795:AAF8CCeAUmIi8o7MPtXWRwTEn1ISIG5m96I/getUpdates "HTTP/1.1 200 OK"
INFO:__main__:Bot started. Polling...
INFO:httpx:HTTP Request: POST https://api.telegram.org/bot8528951795:AAF8CCeAUmIi8o7MPtXWRwTEn1ISIG5m96I/getMe "HTTP/1.1 200 OK"
INFO:httpx:HTTP Request: POST https://api.telegram.org/bot8528951795:AAF8CCeAUmIi8o7MPtXWRwTEn1ISIG5m96I/deleteWebhook "HTTP/1.1 200 OK"
INFO:telegram.ext.Application:Application started
INFO:httpx:HTTP Request: POST https://api.telegram.org/bot8528951795:AAF8CCeAUmIi8o7MPtXWRwTEn1ISIG5m96I/getUpdates "HTTP/1.1 200 OK"
INFO:httpx:HTTP Request: POST https://api.telegram.org/bot8528951795:AAF8CCeAUmIi8o7MPtXWRwTEn1ISIG5m96I/getUpdates "HTTP/1.1 200 OK"
INFO:httpx:HTTP Request: POST https://api.telegram.org/bot8528951795:AAF8CCeAUmIi8o7MPtXWRwTEn1ISIG5m96I/getUpdates "HTTP/1.1 200 OK"
INFO:httpx:HTTP Request: POST https://api.telegram.org/bot8528951795:AAF8CCeAUmIi8o7MPtXWRwTEn1ISIG5m96I/getUpdates "HTTP/1.1 200 OK"
INFO:httpx:HTTP Request: POST https://api.telegram.org/bot8528951795:AAF8CCeAUmIi8o7MPtXWRwTEn1ISIG5m96I/getUpdates "HTTP/1.1 200 OK"
INFO:httpx:HTTP Request: POST https://api.telegram.org/bot8528951795:AAF8CCeAUmIi8o7MPtXWRwTEn1ISIG5m96I/getUpdates "HTTP/1.1 200 OK"
INFO:httpx:HTTP Request: POST https://api.telegram.org/bot8528951795:AAF8CCeAUmIi8o7MPtXWRwTEn1ISIG5m96I/getUpdates "HTTP/1.1 200 OK"
INFO:httpx:HTTP Request: POST https://api.telegram.org/bot8528951795:AAF8CCeAUmIi8o7MPtXWRwTEn1ISIG5m96I/getUpdates "HTTP/1.1 200 OK"
INFO:httpx:HTTP Request: POST https://api.telegram.org/bot8528951795:AAF8CCeAUmIi8o7MPtXWRwTEn1ISIG5m96I/getUpdates "HTTP/1.1 200 OK"
INFO:httpx:HTTP Request: POST https://api.telegram.org/bot8528951795:AAF8CCeAUmIi8o7MPtXWRwTEn1ISIG5m96I/getUpdates "HTTP/1.1 200 OK"
INFO:__main__:Bot started. Polling...
INFO:httpx:HTTP Request: POST https://api.telegram.org/bot8528951795:AAF8CCeAUmIi8o7MPtXWRwTEn1ISIG5m96I/getMe "HTTP/1.1 200 OK"
INFO:httpx:HTTP Request: POST https://api.telegram.org/bot8528951795:AAF8CCeAUmIi8o7MPtXWRwTEn1ISIG5m96I/deleteWebhook "HTTP/1.1 200 OK"
INFO:telegram.ext.Application:Application started
INFO:__main__:Bot started. Polling...
INFO:httpx:HTTP Request: POST https://api.telegram.org/bot8528951795:AAF8CCeAUmIi8o7MPtXWRwTEn1ISIG5m96I/getMe "HTTP/1.1 200 OK"
INFO:httpx:HTTP Request: POST https://api.telegram.org/bot8528951795:AAF8CCeAUmIi8o7MPtXWRwTEn1ISIG5m96I/deleteWebhook "HTTP/1.1 200 OK"
INFO:telegram.ext.Application:Application started
INFO:httpx:HTTP Request: POST https://api.telegram.org/bot8528951795:AAF8CCeAUmIi8o7MPtXWRwTEn1ISIG5m96I/getUpdates "HTTP/1.1 200 OK"
INFO:httpx:HTTP Request: POST https://api.telegram.org/bot8528951795:AAF8CCeAUmIi8o7MPtXWRwTEn1ISIG5m96I/getUpdates "HTTP/1.1 200 OK"
INFO:httpx:HTTP Request: POST https://api.telegram.org/bot8528951795:AAF8CCeAUmIi8o7MPtXWRwTEn1ISIG5m96I/getUpdates "HTTP/1.1 200 OK"
INFO:httpx:HTTP Request: POST https://api.telegram.org/bot8528951795:AAF8CCeAUmIi8o7MPtXWRwTEn1ISIG5m96I/getUpdates "HTTP/1.1 200 OK"
INFO:__main__:Bot started. Polling...
INFO:httpx:HTTP Request: POST https://api.telegram.org/bot8528951795:AAF8CCeAUmIi8o7MPtXWRwTEn1ISIG5m96I/getMe "HTTP/1.1 200 OK"
INFO:httpx:HTTP Request: POST https://api.telegram.org/bot8528951795:AAF8CCeAUmIi8o7MPtXWRwTEn1ISIG5m96I/deleteWebhook "HTTP/1.1 200 OK"
INFO:telegram.ext.Application:Application started
INFO:__main__:Bot started. Polling...
INFO:httpx:HTTP Request: POST https://api.telegram.org/bot8528951795:AAF8CCeAUmIi8o7MPtXWRwTEn1ISIG5m96I/getMe "HTTP/1.1 200 OK"
INFO:httpx:HTTP Request: POST https://api.telegram.org/bot8528951795:AAF8CCeAUmIi8o7MPtXWRwTEn1ISIG5m96I/deleteWebhook "HTTP/1.1 200 OK"
INFO:telegram.ext.Application:Application started
INFO:httpx:HTTP Request: POST https://api.telegram.org/bot8528951795:AAF8CCeAUmIi8o7MPtXWRwTEn1ISIG5m96I/getUpdates "HTTP/1.1 200 OK"
INFO:httpx:HTTP Request: POST https://api.telegram.org/bot8528951795:AAF8CCeAUmIi8o7MPtXWRwTEn1ISIG5m96I/getUpdates "HTTP/1.1 200 OK"
INFO:httpx:HTTP Request: POST https://api.telegram.org/bot8528951795:AAF8CCeAUmIi8o7MPtXWRwTEn1ISIG5m96I/getUpdates "HTTP/1.1 200 OK"
INFO:__main__:Bot started. Polling...
INFO:httpx:HTTP Request: POST https://api.telegram.org/bot8528951795:AAF8CCeAUmIi8o7MPtXWRwTEn1ISIG5m96I/getMe "HTTP/1.1 200 OK"
INFO:httpx:HTTP Request: POST https://api.telegram.org/bot8528951795:AAF8CCeAUmIi8o7MPtXWRwTEn1ISIG5m96I/deleteWebhook "HTTP/1.1 200 OK"
INFO:telegram.ext.Application:Application started
INFO:__main__:Bot started. Polling...
INFO:httpx:HTTP Request: POST https://api.telegram.org/bot8528951795:AAF8CCeAUmIi8o7MPtXWRwTEn1ISIG5m96I/getMe "HTTP/1.1 200 OK"
INFO:httpx:HTTP Request: POST https://api.telegram.org/bot8528951795:AAF8CCeAUmIi8o7MPtXWRwTEn1ISIG5m96I/deleteWebhook "HTTP/1.1 200 OK"
INFO:telegram.ext.Application:Application started
INFO:httpx:HTTP Request: POST https://api.telegram.org/bot8528951795:AAF8CCeAUmIi8o7MPtXWRwTEn1ISIG5m96I/getUpdates "HTTP/1.1 200 OK"
INFO:httpx:HTTP Request: POST https://api.telegram.org/bot8528951795:AAF8CCeAUmIi8o7MPtXWRwTEn1ISIG5m96I/getUpdates "HTTP/1.1 200 OK"
INFO:httpx:HTTP Request: POST https://api.telegram.org/bot8528951795:AAF8CCeAUmIi8o7MPtXWRwTEn1ISIG5m96I/getUpdates "HTTP/1.1 200 OK"
INFO:httpx:HTTP Request: POST https://api.telegram.org/bot8528951795:AAF8CCeAUmIi8o7MPtXWRwTEn1ISIG5m96I/getUpdates "HTTP/1.1 200 OK"
INFO:httpx:HTTP Request: POST https://api.telegram.org/bot8528951795:AAF8CCeAUmIi8o7MPtXWRwTEn1ISIG5m96I/getUpdates "HTTP/1.1 200 OK"
INFO:httpx:HTTP Request: POST https://api.telegram.org/bot8528951795:AAF8CCeAUmIi8o7MPtXWRwTEn1ISIG5m96I/getUpdates "HTTP/1.1 200 OK"
INFO:httpx:HTTP Request: POST https://api.telegram.org/bot8528951795:AAF8CCeAUmIi8o7MPtXWRwTEn1ISIG5m96I/getUpdates "HTTP/1.1 200 OK"
INFO:__main__:Bot started. Polling...
INFO:httpx:HTTP Request: POST https://api.telegram.org/bot8528951795:AAF8CCeAUmIi8o7MPtXWRwTEn1ISIG5m96I/getMe "HTTP/1.1 200 OK"
INFO:httpx:HTTP Request: POST https://api.telegram.org/bot8528951795:AAF8CCeAUmIi8o7MPtXWRwTEn1ISIG5m96I/deleteWebhook "HTTP/1.1 200 OK"
INFO:telegram.ext.Application:Application started
INFO:__main__:Bot started. Polling...
INFO:httpx:HTTP Request: POST https://api.telegram.org/bot8528951795:AAF8CCeAUmIi8o7MPtXWRwTEn1ISIG5m96I/getMe "HTTP/1.1 200 OK"
INFO:httpx:HTTP Request: POST https://api.telegram.org/bot8528951795:AAF8CCeAUmIi8o7MPtXWRwTEn1ISIG5m96I/deleteWebhook "HTTP/1.1 200 OK"
INFO:telegram.ext.Application:Application started
INFO:httpx:HTTP Request: POST https://api.telegram.org/bot8528951795:AAF8CCeAUmIi8o7MPtXWRwTEn1ISIG5m96I/getUpdates "HTTP/1.1 200 OK"
INFO:httpx:HTTP Request: POST https://api.telegram.org/bot8528951795:AAF8CCeAUmIi8o7MPtXWRwTEn1ISIG5m96I/getUpdates "HTTP/1.1 200 OK"
INFO:httpx:HTTP Request: POST https://api.telegram.org/bot8528951795:AAF8CCeAUmIi8o7MPtXWRwTEn1ISIG5m96I/getUpdates "HTTP/1.1 200 OK"
INFO:httpx:HTTP Request: POST https://api.telegram.org/bot8528951795:AAF8CCeAUmIi8o7MPtXWRwTEn1ISIG5m96I/getUpdates "HTTP/1.1 200 OK"
INFO:httpx:HTTP Request: POST https://api.telegram.org/bot8528951795:AAF8CCeAUmIi8o7MPtXWRwTEn1ISIG5m96I/getUpdates "HTTP/1.1 200 OK"
INFO:httpx:HTTP Request: POST https://api.telegram.org/bot8528951795:AAF8CCeAUmIi8o7MPtXWRwTEn1ISIG5m96I/getUpdates "HTTP/1.1 200 OK"
INFO:__main__:Bot started. Polling...
INFO:httpx:HTTP Request: POST https://api.telegram.org/bot8528951795:AAF8CCeAUmIi8o7MPtXWRwTEn1ISIG5m96I/getMe "HTTP/1.1 200 OK"
INFO:httpx:HTTP Request: POST https://api.telegram.org/bot8528951795:AAF8CCeAUmIi8o7MPtXWRwTEn1ISIG5m96I/deleteWebhook "HTTP/1.1 200 OK"
INFO:telegram.ext.Application:Application started
INFO:__main__:Bot started. Polling...
INFO:httpx:HTTP Request: POST https://api.telegram.org/bot8528951795:AAF8CCeAUmIi8o7MPtXWRwTEn1ISIG5m96I/getMe "HTTP/1.1 200 OK"
INFO:httpx:HTTP Request: POST https://api.telegram.org/bot8528951795:AAF8CCeAUmIi8o7MPtXWRwTEn1ISIG5m96I/deleteWebhook "HTTP/1.1 200 OK"
INFO:telegram.ext.Application:Application started
INFO:httpx:HTTP Request: POST https://api.telegram.org/bot8528951795:AAF8CCeAUmIi8o7MPtXWRwTEn1ISIG5m96I/getUpdates "HTTP/1.1 200 OK"
INFO:httpx:HTTP Request: POST https://api.telegram.org/bot8528951795:AAF8CCeAUmIi8o7MPtXWRwTEn1ISIG5m96I/getUpdates "HTTP/1.1 200 OK"
INFO:httpx:HTTP Request: POST https://api.telegram.org/bot8528951795:AAF8CCeAUmIi8o7MPtXWRwTEn1ISIG5m96I/getUpdates "HTTP/1.1 200 OK"
INFO:httpx:HTTP Request: POST https://api.telegram.org/bot8528951795:AAF8CCeAUmIi8o7MPtXWRwTEn1ISIG5m96I/getUpdates "HTTP/1.1 200 OK"
INFO:httpx:HTTP Request: POST https://api.telegram.org/bot8528951795:AAF8CCeAUmIi8o7MPtXWRwTEn1ISIG5m96I/getUpdates "HTTP/1.1 200 OK"
INFO:httpx:HTTP Request: POST https://api.telegram.org/bot8528951795:AAF8CCeAUmIi8o7MPtXWRwTEn1ISIG5m96I/getUpdates "HTTP/1.1 200 OK"
INFO:httpx:HTTP Request: POST https://api.telegram.org/bot8528951795:AAF8CCeAUmIi8o7MPtXWRwTEn1ISIG5m96I/getUpdates "HTTP/1.1 200 OK"
INFO:httpx:HTTP Request: POST https://api.telegram.org/bot8528951795:AAF8CCeAUmIi8o7MPtXWRwTEn1ISIG5m96I/getUpdates "HTTP/1.1 200 OK"
INFO:httpx:HTTP Request: POST https://api.telegram.org/bot8528951795:AAF8CCeAUmIi8o7MPtXWRwTEn1ISIG5m96I/getUpdates "HTTP/1.1 200 OK"
INFO:__main__:Bot started. Polling...
INFO:httpx:HTTP Request: POST https://api.telegram.org/bot8528951795:AAF8CCeAUmIi8o7MPtXWRwTEn1ISIG5m96I/getMe "HTTP/1.1 200 OK"
INFO:httpx:HTTP Request: POST https://api.telegram.org/bot8528951795:AAF8CCeAUmIi8o7MPtXWRwTEn1ISIG5m96I/deleteWebhook "HTTP/1.1 200 OK"
INFO:telegram.ext.Application:Application started
INFO:__main__:Bot started. Polling...
INFO:httpx:HTTP Request: POST https://api.telegram.org/bot8528951795:AAF8CCeAUmIi8o7MPtXWRwTEn1ISIG5m96I/getMe "HTTP/1.1 200 OK"
INFO:httpx:HTTP Request: POST https://api.telegram.org/bot8528951795:AAF8CCeAUmIi8o7MPtXWRwTEn1ISIG5m96I/deleteWebhook "HTTP/1.1 200 OK"
INFO:telegram.ext.Application:Application started
INFO:httpx:HTTP Request: POST https://api.telegram.org/bot8528951795:AAF8CCeAUmIi8o7MPtXWRwTEn1ISIG5m96I/getUpdates "HTTP/1.1 200 OK"
INFO:httpx:HTTP Request: POST https://api.telegram.org/bot8528951795:AAF8CCeAUmIi8o7MPtXWRwTEn1ISIG5m96I/getUpdates "HTTP/1.1 200 OK"
INFO:httpx:HTTP Request: POST https://api.telegram.org/bot8528951795:AAF8CCeAUmIi8o7MPtXWRwTEn1ISIG5m96I/getUpdates "HTTP/1.1 200 OK"
INFO:httpx:HTTP Request: POST https://api.telegram.org/bot8528951795:AAF8CCeAUmIi8o7MPtXWRwTEn1ISIG5m96I/getUpdates "HTTP/1.1 200 OK"
INFO:httpx:HTTP Request: POST https://api.telegram.org/bot8528951795:AAF8CCeAUmIi8o7MPtXWRwTEn1ISIG5m96I/getUpdates "HTTP/1.1 200 OK"
INFO:httpx:HTTP Request: POST https://api.telegram.org/bot8528951795:AAF8CCeAUmIi8o7MPtXWRwTEn1ISIG5m96I/getUpdates "HTTP/1.1 200 OK"
INFO:httpx:HTTP Request: POST https://api.telegram.org/bot8528951795:AAF8CCeAUmIi8o7MPtXWRwTEn1ISIG5m96I/getUpdates "HTTP/1.1 200 OK"
INFO:httpx:HTTP Request: POST https://api.telegram.org/bot8528951795:AAF8CCeAUmIi8o7MPtXWRwTEn1ISIG5m96I/getUpdates "HTTP/1.1 200 OK"
INFO:httpx:HTTP Request: POST https://api.telegram.org/bot8528951795:AAF8CCeAUmIi8o7MPtXWRwTEn1ISIG5m96I/getUpdates "HTTP/1.1 200 OK"
INFO:httpx:HTTP Request: POST https://api.telegram.org/bot8528951795:AAF8CCeAUmIi8o7MPtXWRwTEn1ISIG5m96I/getUpdates "HTTP/1.1 200 OK"
INFO:httpx:HTTP Request: POST https://api.telegram.org/bot8528951795:AAF8CCeAUmIi8o7MPtXWRwTEn1ISIG5m96I/getUpdates "HTTP/1.1 200 OK"
INFO:httpx:HTTP Request: POST https://api.telegram.org/bot8528951795:AAF8CCeAUmIi8o7MPtXWRwTEn1ISIG5m96I/getUpdates "HTTP/1.1 200 OK"
INFO:httpx:HTTP Request: POST https://api.telegram.org/bot8528951795:AAF8CCeAUmIi8o7MPtXWRwTEn1ISIG5m96I/getUpdates "HTTP/1.1 200 OK"
INFO:httpx:HTTP Request: POST https://api.telegram.org/bot8528951795:AAF8CCeAUmIi8o7MPtXWRwTEn1ISIG5m96I/getUpdates "HTTP/1.1 200 OK"
INFO:httpx:HTTP Request: POST https://api.telegram.org/bot8528951795:AAF8CCeAUmIi8o7MPtXWRwTEn1ISIG5m96I/getUpdates "HTTP/1.1 200 OK"
INFO:httpx:HTTP Request: POST https://api.telegram.org/bot8528951795:AAF8CCeAUmIi8o7MPtXWRwTEn1ISIG5m96I/getUpdates "HTTP/1.1 200 OK"
INFO:httpx:HTTP Request: POST https://api.telegram.org/bot8528951795:AAF8CCeAUmIi8o7MPtXWRwTEn1ISIG5m96I/getUpdates "HTTP/1.1 200 OK"
INFO:httpx:HTTP Request: POST https://api.telegram.org/bot8528951795:AAF8CCeAUmIi8o7MPtXWRwTEn1ISIG5m96I/getUpdates "HTTP/1.1 200 OK"
INFO:httpx:HTTP Request: POST https://api.telegram.org/bot8528951795:AAF8CCeAUmIi8o7MPtXWRwTEn1ISIG5m96I/getUpdates "HTTP/1.1 200 OK"
INFO:httpx:HTTP Request: POST https://api.telegram.org/bot8528951795:AAF8CCeAUmIi8o7MPtXWRwTEn1ISIG5m96I/getUpdates "HTTP/1.1 200 OK"
INFO:httpx:HTTP Request: POST https://api.telegram.org/bot8528951795:AAF8CCeAUmIi8o7MPtXWRwTEn1ISIG5m96I/getUpdates "HTTP/1.1 200 OK"
INFO:httpx:HTTP Request: POST https://api.telegram.org/bot8528951795:AAF8CCeAUmIi8o7MPtXWRwTEn1ISIG5m96I/getUpdates "HTTP/1.1 200 OK"
INFO:httpx:HTTP Request: POST https://api.telegram.org/bot8528951795:AAF8CCeAUmIi8o7MPtXWRwTEn1ISIG5m96I/getUpdates "HTTP/1.1 200 OK"
INFO:httpx:HTTP Request: POST https://api.telegram.org/bot8528951795:AAF8CCeAUmIi8o7MPtXWRwTEn1ISIG5m96I/getUpdates "HTTP/1.1 200 OK"
INFO:httpx:HTTP Request: POST https://api.telegram.org/bot8528951795:AAF8CCeAUmIi8o7MPtXWRwTEn1ISIG5m96I/getUpdates "HTTP/1.1 200 OK"
INFO:__main__:Bot started. Polling...
INFO:httpx:HTTP Request: POST https://api.telegram.org/bot8528951795:AAF8CCeAUmIi8o7MPtXWRwTEn1ISIG5m96I/getMe "HTTP/1.1 200 OK"
INFO:httpx:HTTP Request: POST https://api.telegram.org/bot8528951795:AAF8CCeAUmIi8o7MPtXWRwTEn1ISIG5m96I/deleteWebhook "HTTP/1.1 200 OK"
INFO:telegram.ext.Application:Application started
INFO:__main__:Bot started. Polling...
INFO:httpx:HTTP Request: POST https://api.telegram.org/bot8528951795:AAF8CCeAUmIi8o7MPtXWRwTEn1ISIG5m96I/getMe "HTTP/1.1 200 OK"
INFO:httpx:HTTP Request: POST https://api.telegram.org/bot8528951795:AAF8CCeAUmIi8o7MPtXWRwTEn1ISIG5m96I/deleteWebhook "HTTP/1.1 200 OK"
INFO:telegram.ext.Application:Application started
INFO:httpx:HTTP Request: POST https://api.telegram.org/bot8528951795:AAF8CCeAUmIi8o7MPtXWRwTEn1ISIG5m96I/getUpdates "HTTP/1.1 200 OK"
INFO:httpx:HTTP Request: POST https://api.telegram.org/bot8528951795:AAF8CCeAUmIi8o7MPtXWRwTEn1ISIG5m96I/getUpdates "HTTP/1.1 200 OK"
INFO:httpx:HTTP Request: POST https://api.telegram.org/bot8528951795:AAF8CCeAUmIi8o7MPtXWRwTEn1ISIG5m96I/getUpdates "HTTP/1.1 200 OK"
INFO:httpx:HTTP Request: POST https://api.telegram.org/bot8528951795:AAF8CCeAUmIi8o7MPtXWRwTEn1ISIG5m96I/getUpdates "HTTP/1.1 200 OK"
INFO:httpx:HTTP Request: POST https://api.telegram.org/bot8528951795:AAF8CCeAUmIi8o7MPtXWRwTEn1ISIG5m96I/getUpdates "HTTP/1.1 200 OK"
INFO:httpx:HTTP Request: POST https://api.telegram.org/bot8528951795:AAF8CCeAUmIi8o7MPtXWRwTEn1ISIG5m96I/getUpdates "HTTP/1.1 200 OK"
INFO:httpx:HTTP Request: POST https://api.telegram.org/bot8528951795:AAF8CCeAUmIi8o7MPtXWRwTEn1ISIG5m96I/getUpdates "HTTP/1.1 200 OK"
INFO:httpx:HTTP Request: POST https://api.telegram.org/bot8528951795:AAF8CCeAUmIi8o7MPtXWRwTEn1ISIG5m96I/getUpdates "HTTP/1.1 200 OK"
INFO:httpx:HTTP Request: POST https://api.telegram.org/bot8528951795:AAF8CCeAUmIi8o7MPtXWRwTEn1ISIG5m96I/getUpdates "HTTP/1.1 200 OK"
